obj/Debug/netstandard2.1/blazor/linker/BlazorSignalR.dll
obj/Debug/netstandard2.1/blazor/linker/BlazorSignalR.JS.dll
obj/Debug/netstandard2.1/blazor/linker/Bolero.dll
obj/Debug/netstandard2.1/blazor/linker/Bolero.Templating.dll
obj/Debug/netstandard2.1/blazor/linker/Elmish.dll
obj/Debug/netstandard2.1/blazor/linker/FSharp.Core.dll
obj/Debug/netstandard2.1/blazor/linker/FSharp.Core.resources.dll
obj/Debug/netstandard2.1/blazor/linker/HtmlAgilityPack.dll
obj/Debug/netstandard2.1/blazor/linker/Microsoft.AspNetCore.Authorization.dll
obj/Debug/netstandard2.1/blazor/linker/Microsoft.AspNetCore.Blazor.dll
obj/Debug/netstandard2.1/blazor/linker/Microsoft.AspNetCore.Components.dll
obj/Debug/netstandard2.1/blazor/linker/Microsoft.AspNetCore.Components.Forms.dll
obj/Debug/netstandard2.1/blazor/linker/Microsoft.AspNetCore.Components.Web.dll
obj/Debug/netstandard2.1/blazor/linker/Microsoft.AspNetCore.Connections.Abstractions.dll
obj/Debug/netstandard2.1/blazor/linker/Microsoft.AspNetCore.Http.Connections.Client.dll
obj/Debug/netstandard2.1/blazor/linker/Microsoft.AspNetCore.Http.Connections.Common.dll
obj/Debug/netstandard2.1/blazor/linker/Microsoft.AspNetCore.Http.Features.dll
obj/Debug/netstandard2.1/blazor/linker/Microsoft.AspNetCore.Metadata.dll
obj/Debug/netstandard2.1/blazor/linker/Microsoft.AspNetCore.SignalR.Client.Core.dll
obj/Debug/netstandard2.1/blazor/linker/Microsoft.AspNetCore.SignalR.Client.dll
obj/Debug/netstandard2.1/blazor/linker/Microsoft.AspNetCore.SignalR.Common.dll
obj/Debug/netstandard2.1/blazor/linker/Microsoft.AspNetCore.SignalR.Protocols.Json.dll
obj/Debug/netstandard2.1/blazor/linker/Microsoft.Bcl.AsyncInterfaces.dll
obj/Debug/netstandard2.1/blazor/linker/Microsoft.Extensions.Configuration.Abstractions.dll
obj/Debug/netstandard2.1/blazor/linker/Microsoft.Extensions.Configuration.Binder.dll
obj/Debug/netstandard2.1/blazor/linker/Microsoft.Extensions.Configuration.dll
obj/Debug/netstandard2.1/blazor/linker/Microsoft.Extensions.DependencyInjection.Abstractions.dll
obj/Debug/netstandard2.1/blazor/linker/Microsoft.Extensions.DependencyInjection.dll
obj/Debug/netstandard2.1/blazor/linker/Microsoft.Extensions.Logging.Abstractions.dll
obj/Debug/netstandard2.1/blazor/linker/Microsoft.Extensions.Logging.dll
obj/Debug/netstandard2.1/blazor/linker/Microsoft.Extensions.Options.dll
obj/Debug/netstandard2.1/blazor/linker/Microsoft.Extensions.Primitives.dll
obj/Debug/netstandard2.1/blazor/linker/Microsoft.JSInterop.dll
obj/Debug/netstandard2.1/blazor/linker/Mono.Security.dll
obj/Debug/netstandard2.1/blazor/linker/Mono.WebAssembly.Interop.dll
obj/Debug/netstandard2.1/blazor/linker/mscorlib.dll
obj/Debug/netstandard2.1/blazor/linker/System.ComponentModel.DataAnnotations.dll
obj/Debug/netstandard2.1/blazor/linker/System.Core.dll
obj/Debug/netstandard2.1/blazor/linker/System.dll
obj/Debug/netstandard2.1/blazor/linker/System.IO.Pipelines.dll
obj/Debug/netstandard2.1/blazor/linker/System.Net.Http.dll
obj/Debug/netstandard2.1/blazor/linker/System.Numerics.dll
obj/Debug/netstandard2.1/blazor/linker/System.Runtime.CompilerServices.Unsafe.dll
obj/Debug/netstandard2.1/blazor/linker/System.Text.Encodings.Web.dll
obj/Debug/netstandard2.1/blazor/linker/System.Text.Json.dll
obj/Debug/netstandard2.1/blazor/linker/System.Threading.Channels.dll
obj/Debug/netstandard2.1/blazor/linker/System.Xml.dll
obj/Debug/netstandard2.1/blazor/linker/todo_bolero.Client.dll
obj/Debug/netstandard2.1/blazor/linker/WebAssembly.Bindings.dll
obj/Debug/netstandard2.1/blazor/linker/WebAssembly.Net.Http.dll
